2015-08-03 15:25:51,962 - [INFO] - from org.deeplearning4j.Project.FloweringAndNotFloweringSmallScale in main
				
Loading labels

2015-08-03 17:35:24,974 - [INFO] - from org.deeplearning4j.Project.FloweringAndNotFloweringSmallScale in main
				
Loading labels

2015-08-03 17:35:24,976 - [INFO] - from org.deeplearning4j.Project.FloweringAndNotFloweringSmallScale in main
				
Loading data

2015-08-03 17:35:26,498 - [INFO] - from org.deeplearning4j.Project.FloweringAndNotFloweringSmallScale in main
				
Building model

2015-08-03 17:35:29,039 - [INFO] - from org.deeplearning4j.Project.FloweringAndNotFloweringSmallScale in main
				
Splitting dataset

2015-08-03 17:36:17,510 - [INFO] - from org.deeplearning4j.Project.FloweringAndNotFloweringSmallScale in main
				
Loading labels

2015-08-03 17:36:17,513 - [INFO] - from org.deeplearning4j.Project.FloweringAndNotFloweringSmallScale in main
				
Loading data

2015-08-03 17:36:18,385 - [INFO] - from org.deeplearning4j.Project.FloweringAndNotFloweringSmallScale in main
				
Building model

2015-08-03 17:36:21,386 - [INFO] - from org.deeplearning4j.Project.FloweringAndNotFloweringSmallScale in main
				
Splitting dataset

2015-08-03 17:36:24,705 - [INFO] - from org.deeplearning4j.Project.FloweringAndNotFloweringSmallScale in main
				
Loading labels

2015-08-03 17:36:24,709 - [INFO] - from org.deeplearning4j.Project.FloweringAndNotFloweringSmallScale in main
				
Loading data

2015-08-03 17:36:25,570 - [INFO] - from org.deeplearning4j.Project.FloweringAndNotFloweringSmallScale in main
				
Building model

2015-08-03 17:36:28,537 - [INFO] - from org.deeplearning4j.Project.FloweringAndNotFloweringSmallScale in main
				
Splitting dataset

2015-08-03 17:36:33,837 - [INFO] - from org.deeplearning4j.Project.FloweringAndNotFloweringSmallScale in main
				
Loading labels

2015-08-03 17:37:18,988 - [INFO] - from org.deeplearning4j.Project.FloweringAndNotFloweringSmallScale in main
				
Loading labels

2015-08-03 17:37:29,388 - [INFO] - from org.deeplearning4j.Project.FloweringAndNotFloweringSmallScale in main
				
Loading data

2015-08-03 17:37:51,050 - [INFO] - from org.deeplearning4j.Project.FloweringAndNotFloweringSmallScale in main
				
Loading labels

2015-08-03 17:37:51,053 - [INFO] - from org.deeplearning4j.Project.FloweringAndNotFloweringSmallScale in main
				
Loading data

2015-08-03 17:37:51,879 - [INFO] - from org.deeplearning4j.Project.FloweringAndNotFloweringSmallScale in main
				
Building model

2015-08-03 17:37:54,239 - [INFO] - from org.deeplearning4j.Project.FloweringAndNotFloweringSmallScale in main
				
Splitting dataset

